15:01:54.077 [main] INFO  m.j.io.dima.javabeginner.domain.Card - User [project_manager@email.com] created a crad[Task #1] in column [TODO]
15:01:54.077 [main] INFO  m.j.io.dima.javabeginner.domain.Card - Card [Task #1] was assigned to [developer@email.com]
15:01:54.077 [main] INFO  m.j.io.dima.javabeginner.domain.Card - Card [Task #1] was moved to [In Progress]
15:01:54.077 [main] INFO  m.j.io.dima.javabeginner.domain.Card - User [project_manager@email.com] created a crad[Task #2] in column [TODO]
15:01:54.077 [main] INFO  m.j.io.dima.javabeginner.domain.Card - Card [Task #2] was assigned to [developer@email.com]
15:01:54.077 [main] INFO  m.j.io.dima.javabeginner.domain.Card - Card [Task #2] was given a description [Won't fix it, created by mistake]
15:01:54.077 [main] INFO  m.j.io.dima.javabeginner.domain.Card - Card [Task #2] was moved to [Done]
15:01:54.077 [main] INFO  m.j.io.dima.javabeginner.domain.Card - Card [Task #2] was assigned to [project_manager@email.com]
15:15:18.789 [main] INFO  m.j.io.dima.javabeginner.domain.Card - User [project_manager@email.com] created a crad[Task #1] in column [TODO]
15:15:18.789 [main] INFO  m.j.io.dima.javabeginner.domain.Card - Card [Task #1] was assigned to [developer@email.com]
15:15:18.789 [main] INFO  m.j.io.dima.javabeginner.domain.Card - Card [Task #1] was moved to [In Progress]
15:15:18.789 [main] INFO  m.j.io.dima.javabeginner.domain.Card - User [project_manager@email.com] created a crad[Task #2] in column [TODO]
15:15:18.789 [main] INFO  m.j.io.dima.javabeginner.domain.Card - Card [Task #2] was assigned to [developer@email.com]
15:15:18.789 [main] INFO  m.j.io.dima.javabeginner.domain.Card - Card [Task #2] was given a description [Won't fix it, created by mistake]
15:15:18.789 [main] INFO  m.j.io.dima.javabeginner.domain.Card - Card [Task #2] was moved to [Done]
15:15:18.789 [main] INFO  m.j.io.dima.javabeginner.domain.Card - Card [Task #2] was assigned to [project_manager@email.com]
22:27:43.555 [main] INFO  m.j.io.dima.javabeginner.domain.Card - User [project_manager@email.com] created a crad[Task #1] in column [TODO]
22:27:43.570 [main] INFO  m.j.io.dima.javabeginner.domain.Card - Card [Task #1] was assigned to [developer@email.com]
22:27:43.570 [main] INFO  m.j.io.dima.javabeginner.domain.Card - Card [Task #1] was moved to [In Progress]
22:27:43.586 [main] INFO  m.j.io.dima.javabeginner.domain.Card - User [project_manager@email.com] created a crad[Task #2] in column [TODO]
22:27:43.586 [main] INFO  m.j.io.dima.javabeginner.domain.Card - Card [Task #2] was assigned to [developer@email.com]
22:27:43.586 [main] INFO  m.j.io.dima.javabeginner.domain.Card - Card [Task #2] was given a description [Won't fix it, created by mistake]
22:27:43.586 [main] INFO  m.j.io.dima.javabeginner.domain.Card - Card [Task #2] was moved to [Done]
22:27:43.586 [main] INFO  m.j.io.dima.javabeginner.domain.Card - Card [Task #2] was assigned to [project_manager@email.com]
11:31:36.668 [main] INFO  m.j.io.dima.javabeginner.domain.Card - User [project_manager@email.com] created a crad[Task #1] in column [TODO]
11:31:36.699 [main] INFO  m.j.io.dima.javabeginner.domain.Card - Card [Task #1] was assigned to [developer@email.com]
11:31:36.699 [main] INFO  m.j.io.dima.javabeginner.domain.Card - Card [Task #1] was moved to [In Progress]
11:31:36.699 [main] INFO  m.j.io.dima.javabeginner.domain.Card - User [project_manager@email.com] created a crad[Task #2] in column [TODO]
11:31:36.699 [main] INFO  m.j.io.dima.javabeginner.domain.Card - Card [Task #2] was assigned to [developer@email.com]
11:31:36.699 [main] INFO  m.j.io.dima.javabeginner.domain.Card - Card [Task #2] was given a description [Won't fix it, created by mistake]
11:31:36.699 [main] INFO  m.j.io.dima.javabeginner.domain.Card - Card [Task #2] was moved to [Done]
11:31:36.699 [main] INFO  m.j.io.dima.javabeginner.domain.Card - Card [Task #2] was assigned to [project_manager@email.com]
23:36:43.667 [main] INFO  io.dima.javabeginner.domain.Card - User [project_manager@email.com] created a crad[Task #1] in column [TODO]
23:36:43.715 [main] INFO  io.dima.javabeginner.domain.Card - Card [Task #1] was assigned to [developer@email.com]
23:36:43.717 [main] INFO  io.dima.javabeginner.domain.Card - Card [Task #1] was moved to [In Progress]
23:36:43.718 [main] INFO  io.dima.javabeginner.domain.Card - User [project_manager@email.com] created a crad[Task #2] in column [TODO]
23:36:43.718 [main] INFO  io.dima.javabeginner.domain.Card - Card [Task #2] was assigned to [developer@email.com]
23:36:43.718 [main] INFO  io.dima.javabeginner.domain.Card - Card [Task #2] was given a description [Won't fix it, created by mistake]
23:36:43.718 [main] INFO  io.dima.javabeginner.domain.Card - Card [Task #2] was moved to [Done]
23:36:43.718 [main] INFO  io.dima.javabeginner.domain.Card - Card [Task #2] was assigned to [project_manager@email.com]
23:36:50.731 [main] INFO  io.dima.javabeginner.domain.Card - User [project_manager@email.com] created a crad[Task #1] in column [TODO]
23:36:50.736 [main] INFO  io.dima.javabeginner.domain.Card - Card [Task #1] was assigned to [developer@email.com]
23:36:50.736 [main] INFO  io.dima.javabeginner.domain.Card - Card [Task #1] was moved to [In Progress]
23:36:50.736 [main] INFO  io.dima.javabeginner.domain.Card - User [project_manager@email.com] created a crad[Task #2] in column [TODO]
23:36:50.737 [main] INFO  io.dima.javabeginner.domain.Card - Card [Task #2] was assigned to [developer@email.com]
23:36:50.737 [main] INFO  io.dima.javabeginner.domain.Card - Card [Task #2] was given a description [Won't fix it, created by mistake]
23:36:50.737 [main] INFO  io.dima.javabeginner.domain.Card - Card [Task #2] was moved to [Done]
23:36:50.737 [main] INFO  io.dima.javabeginner.domain.Card - Card [Task #2] was assigned to [project_manager@email.com]
23:37:29.311 [main] INFO  io.dima.javabeginner.domain.Card - User [lebedev_84@mail.ru] created a crad[kkk] in column [ggg]
23:37:38.333 [main] INFO  io.dima.javabeginner.domain.Card - Card [kkk] was assigned to [lllll]
